<?xml version="1.0" encoding="UTF-8"?>
<!-- Generated by org.testng.reporters.JUnitReportReporter -->
<testsuite skipped="0" hostname="kilvidiacademy" name="com.crm.qa.testcases.LoginPageTest" tests="3" failures="0" timestamp="07 Jan 2018 23:24:17 GMT" time="25.205" errors="0">
  <testcase name="loginPageTitleTest" time="6.714" classname="com.crm.qa.testcases.LoginPageTest"/>
  <testcase name="crmLogoImageTest" time="6.862" classname="com.crm.qa.testcases.LoginPageTest"/>
  <testcase name="LoginTest" time="11.629" classname="com.crm.qa.testcases.LoginPageTest"/>
</testsuite> <!-- com.crm.qa.testcases.LoginPageTest -->
