<?xml version="1.0" encoding="UTF-8"?>
<!-- Generated by org.testng.reporters.JUnitReportReporter -->
<testsuite skipped="0" hostname="kilvidiacademy" name="com.crm.qa.testcases.HomePageTest" tests="3" failures="0" timestamp="07 Jan 2018 23:24:17 GMT" time="37.991" errors="0">
  <testcase name="verifyHomePageTitleTest" time="10.956" classname="com.crm.qa.testcases.HomePageTest"/>
  <testcase name="verifyCorrectUserNameTest" time="15.256" classname="com.crm.qa.testcases.HomePageTest"/>
  <testcase name="clickContactsLinkTest" time="11.779" classname="com.crm.qa.testcases.HomePageTest"/>
</testsuite> <!-- com.crm.qa.testcases.HomePageTest -->
