<?xml version="1.0" encoding="UTF-8"?>
<!-- Generated by org.testng.reporters.JUnitReportReporter -->
<testsuite skipped="0" hostname="kilvidiacademy" name="com.crm.qa.testcases.LoginPageTest" tests="3" failures="0" timestamp="15 Jan 2018 20:48:47 GMT" time="27.957" errors="0">
  <testcase name="loginPageTitleTest" time="8.192" classname="com.crm.qa.testcases.LoginPageTest"/>
  <testcase name="crmLogoImageTest" time="5.993" classname="com.crm.qa.testcases.LoginPageTest"/>
  <testcase name="LoginTest" time="13.772" classname="com.crm.qa.testcases.LoginPageTest"/>
</testsuite> <!-- com.crm.qa.testcases.LoginPageTest -->
