<?xml version="1.0" encoding="UTF-8"?>
<!-- Generated by org.testng.reporters.JUnitReportReporter -->
<testsuite skipped="0" hostname="kilvidiacademy" name="com.crm.qa.testcases.LoginPageTest" tests="3" failures="0" timestamp="13 Jan 2018 18:39:42 GMT" time="28.316" errors="0">
  <testcase name="loginPageTitleTest" time="7.383" classname="com.crm.qa.testcases.LoginPageTest"/>
  <testcase name="crmLogoImageTest" time="7.082" classname="com.crm.qa.testcases.LoginPageTest"/>
  <testcase name="LoginTest" time="13.851" classname="com.crm.qa.testcases.LoginPageTest"/>
</testsuite> <!-- com.crm.qa.testcases.LoginPageTest -->
